lock: {
    "Created": "2025-12-12T17:40:00.048825803Z",
    "ID": "5c628415-1934-ba2b-74f5-82b57f3a97b9",
    "Info": "",
    "Operation": "OperationTypeApply",
    "Path": "",
    "Version": "1.13.4",
    "Who": "naeemgtng@spark-45ca"
}
state_write: {
    "check_results": null,
    "lineage": "28b52bf2-ef50-23a5-7e60-b38c3de4db35",
    "outputs": {},
    "resources": [],
    "serial": 1,
    "terraform_version": "1.13.4",
    "version": 4
}
unlock: {
    "Created": "2025-12-12T17:40:00.048825803Z",
    "ID": "5c628415-1934-ba2b-74f5-82b57f3a97b9",
    "Info": "",
    "Operation": "OperationTypeApply",
    "Path": "",
    "Version": "1.13.4",
    "Who": "naeemgtng@spark-45ca"
}
state_read: {}
state_read: {}
lock: {
    "Created": "2025-12-12T17:43:12.39346328Z",
    "ID": "32f3557b-47bf-ca82-9e53-e63b32756321",
    "Info": "",
    "Operation": "OperationTypeInvalid",
    "Path": "",
    "Version": "1.13.4",
    "Who": "naeemgtng@spark-45ca"
}
state_read: {}
state_write: {
    "check_results": null,
    "lineage": "28b52bf2-ef50-23a5-7e60-b38c3de4db35",
    "outputs": {},
    "resources": [
        {
            "instances": [
                {
                    "attributes": {
                        "acceleration_status": "",
                        "acl": null,
                        "arn": "arn:aws:s3:::my-tf-test-bucket-ng-329487",
                        "bucket": "my-tf-test-bucket-ng-329487",
                        "bucket_domain_name": "my-tf-test-bucket-ng-329487.s3.amazonaws.com",
                        "bucket_prefix": "",
                        "bucket_region": "us-east-1",
                        "bucket_regional_domain_name": "my-tf-test-bucket-ng-329487.s3.us-east-1.amazonaws.com",
                        "cors_rule": [],
                        "force_destroy": false,
                        "grant": [
                            {
                                "id": "f4c94299312fca6f3bec06cc101a998145b6ff58c6c23906073336dbffe6d0f7",
                                "permissions": [
                                    "FULL_CONTROL"
                                ],
                                "type": "CanonicalUser",
                                "uri": ""
                            }
                        ],
                        "hosted_zone_id": "Z3AQBSTGFYJSTF",
                        "id": "my-tf-test-bucket-ng-329487",
                        "lifecycle_rule": [],
                        "logging": [],
                        "object_lock_configuration": [],
                        "object_lock_enabled": false,
                        "policy": "",
                        "region": "us-east-1",
                        "replication_configuration": [],
                        "request_payer": "BucketOwner",
                        "server_side_encryption_configuration": [
                            {
                                "rule": [
                                    {
                                        "apply_server_side_encryption_by_default": [
                                            {
                                                "kms_master_key_id": "",
                                                "sse_algorithm": "AES256"
                                            }
                                        ],
                                        "bucket_key_enabled": false
                                    }
                                ]
                            }
                        ],
                        "tags": {
                            "will_delete": "true",
                            "working": "yes-what-the-dea-g"
                        },
                        "tags_all": {
                            "will_delete": "true",
                            "working": "yes-what-the-dea-g"
                        },
                        "timeouts": null,
                        "versioning": [
                            {
                                "enabled": false,
                                "mfa_delete": false
                            }
                        ],
                        "website": [],
                        "website_domain": null,
                        "website_endpoint": null
                    },
                    "identity": {
                        "account_id": "320887606173",
                        "bucket": "my-tf-test-bucket-ng-329487",
                        "region": "us-east-1"
                    },
                    "identity_schema_version": 0,
                    "private": "eyJlMmJmYjczMC1lY2FhLTExZTYtOGY4OC0zNDM2M2JjN2M0YzAiOnsiY3JlYXRlIjoxMjAwMDAwMDAwMDAwLCJkZWxldGUiOjM2MDAwMDAwMDAwMDAsInJlYWQiOjEyMDAwMDAwMDAwMDAsInVwZGF0ZSI6MTIwMDAwMDAwMDAwMH0sInNjaGVtYV92ZXJzaW9uIjoiMCJ9",
                    "schema_version": 0,
                    "sensitive_attributes": []
                }
            ],
            "mode": "managed",
            "name": "mybucket",
            "provider": "provider[\"registry.terraform.io/hashicorp/aws\"]",
            "type": "aws_s3_bucket"
        }
    ],
    "serial": 2,
    "terraform_version": "1.13.4",
    "version": 4
}
unlock: {
    "Created": "2025-12-12T17:43:12.39346328Z",
    "ID": "32f3557b-47bf-ca82-9e53-e63b32756321",
    "Info": "",
    "Operation": "OperationTypeInvalid",
    "Path": "",
    "Version": "1.13.4",
    "Who": "naeemgtng@spark-45ca"
}
lock: {
    "Created": "2025-12-12T17:43:21.534030775Z",
    "ID": "0b7276ab-f051-c453-e429-c9e3174be25a",
    "Info": "",
    "Operation": "OperationTypeApply",
    "Path": "",
    "Version": "1.13.4",
    "Who": "naeemgtng@spark-45ca"
}
state_read: {}
state_write: {
    "check_results": null,
    "lineage": "28b52bf2-ef50-23a5-7e60-b38c3de4db35",
    "outputs": {},
    "resources": [
        {
            "instances": [
                {
                    "attributes": {
                        "acceleration_status": "",
                        "acl": null,
                        "arn": "arn:aws:s3:::my-tf-test-bucket-ng-329487",
                        "bucket": "my-tf-test-bucket-ng-329487",
                        "bucket_domain_name": "my-tf-test-bucket-ng-329487.s3.amazonaws.com",
                        "bucket_prefix": "",
                        "bucket_region": "us-east-1",
                        "bucket_regional_domain_name": "my-tf-test-bucket-ng-329487.s3.us-east-1.amazonaws.com",
                        "cors_rule": [],
                        "force_destroy": false,
                        "grant": [
                            {
                                "id": "f4c94299312fca6f3bec06cc101a998145b6ff58c6c23906073336dbffe6d0f7",
                                "permissions": [
                                    "FULL_CONTROL"
                                ],
                                "type": "CanonicalUser",
                                "uri": ""
                            }
                        ],
                        "hosted_zone_id": "Z3AQBSTGFYJSTF",
                        "id": "my-tf-test-bucket-ng-329487",
                        "lifecycle_rule": [],
                        "logging": [],
                        "object_lock_configuration": [],
                        "object_lock_enabled": false,
                        "policy": "",
                        "region": "us-east-1",
                        "replication_configuration": [],
                        "request_payer": "BucketOwner",
                        "server_side_encryption_configuration": [
                            {
                                "rule": [
                                    {
                                        "apply_server_side_encryption_by_default": [
                                            {
                                                "kms_master_key_id": "",
                                                "sse_algorithm": "AES256"
                                            }
                                        ],
                                        "bucket_key_enabled": false
                                    }
                                ]
                            }
                        ],
                        "tags": {
                            "will_delete": "true",
                            "working": "yes-what-the-dea-go"
                        },
                        "tags_all": {
                            "will_delete": "true",
                            "working": "yes-what-the-dea-go"
                        },
                        "timeouts": null,
                        "versioning": [
                            {
                                "enabled": false,
                                "mfa_delete": false
                            }
                        ],
                        "website": [],
                        "website_domain": null,
                        "website_endpoint": null
                    },
                    "identity": {
                        "account_id": "320887606173",
                        "bucket": "my-tf-test-bucket-ng-329487",
                        "region": "us-east-1"
                    },
                    "identity_schema_version": 0,
                    "private": "eyJlMmJmYjczMC1lY2FhLTExZTYtOGY4OC0zNDM2M2JjN2M0YzAiOnsiY3JlYXRlIjoxMjAwMDAwMDAwMDAwLCJkZWxldGUiOjM2MDAwMDAwMDAwMDAsInJlYWQiOjEyMDAwMDAwMDAwMDAsInVwZGF0ZSI6MTIwMDAwMDAwMDAwMH19",
                    "schema_version": 0,
                    "sensitive_attributes": []
                }
            ],
            "mode": "managed",
            "name": "mybucket",
            "provider": "provider[\"registry.terraform.io/hashicorp/aws\"]",
            "type": "aws_s3_bucket"
        }
    ],
    "serial": 3,
    "terraform_version": "1.13.4",
    "version": 4
}
unlock: {
    "Created": "2025-12-12T17:43:21.534030775Z",
    "ID": "0b7276ab-f051-c453-e429-c9e3174be25a",
    "Info": "",
    "Operation": "OperationTypeApply",
    "Path": "",
    "Version": "1.13.4",
    "Who": "naeemgtng@spark-45ca"
}
lock: {
    "Created": "2025-12-12T17:48:27.350603266Z",
    "ID": "5a2a581f-188f-f082-de61-7cd2deafeafd",
    "Info": "",
    "Operation": "OperationTypeApply",
    "Path": "",
    "Version": "1.13.4",
    "Who": "naeemgtng@spark-45ca"
}
state_read: {}
state_write: {
    "check_results": null,
    "lineage": "28b52bf2-ef50-23a5-7e60-b38c3de4db35",
    "outputs": {},
    "resources": [
        {
            "instances": [
                {
                    "attributes": {
                        "acceleration_status": "",
                        "acl": null,
                        "arn": "arn:aws:s3:::my-tf-test-bucket-ng-329487",
                        "bucket": "my-tf-test-bucket-ng-329487",
                        "bucket_domain_name": "my-tf-test-bucket-ng-329487.s3.amazonaws.com",
                        "bucket_prefix": "",
                        "bucket_region": "us-east-1",
                        "bucket_regional_domain_name": "my-tf-test-bucket-ng-329487.s3.us-east-1.amazonaws.com",
                        "cors_rule": [],
                        "force_destroy": false,
                        "grant": [
                            {
                                "id": "f4c94299312fca6f3bec06cc101a998145b6ff58c6c23906073336dbffe6d0f7",
                                "permissions": [
                                    "FULL_CONTROL"
                                ],
                                "type": "CanonicalUser",
                                "uri": ""
                            }
                        ],
                        "hosted_zone_id": "Z3AQBSTGFYJSTF",
                        "id": "my-tf-test-bucket-ng-329487",
                        "lifecycle_rule": [],
                        "logging": [],
                        "object_lock_configuration": [],
                        "object_lock_enabled": false,
                        "policy": "",
                        "region": "us-east-1",
                        "replication_configuration": [],
                        "request_payer": "BucketOwner",
                        "server_side_encryption_configuration": [
                            {
                                "rule": [
                                    {
                                        "apply_server_side_encryption_by_default": [
                                            {
                                                "kms_master_key_id": "",
                                                "sse_algorithm": "AES256"
                                            }
                                        ],
                                        "bucket_key_enabled": false
                                    }
                                ]
                            }
                        ],
                        "tags": {
                            "tagging": "yet another tag",
                            "will_delete": "true",
                            "working": "yes-what-the-dea-go"
                        },
                        "tags_all": {
                            "tagging": "yet another tag",
                            "will_delete": "true",
                            "working": "yes-what-the-dea-go"
                        },
                        "timeouts": null,
                        "versioning": [
                            {
                                "enabled": false,
                                "mfa_delete": false
                            }
                        ],
                        "website": [],
                        "website_domain": null,
                        "website_endpoint": null
                    },
                    "identity": {
                        "account_id": "320887606173",
                        "bucket": "my-tf-test-bucket-ng-329487",
                        "region": "us-east-1"
                    },
                    "identity_schema_version": 0,
                    "private": "eyJlMmJmYjczMC1lY2FhLTExZTYtOGY4OC0zNDM2M2JjN2M0YzAiOnsiY3JlYXRlIjoxMjAwMDAwMDAwMDAwLCJkZWxldGUiOjM2MDAwMDAwMDAwMDAsInJlYWQiOjEyMDAwMDAwMDAwMDAsInVwZGF0ZSI6MTIwMDAwMDAwMDAwMH19",
                    "schema_version": 0,
                    "sensitive_attributes": []
                }
            ],
            "mode": "managed",
            "name": "mybucket",
            "provider": "provider[\"registry.terraform.io/hashicorp/aws\"]",
            "type": "aws_s3_bucket"
        }
    ],
    "serial": 4,
    "terraform_version": "1.13.4",
    "version": 4
}
unlock: {
    "Created": "2025-12-12T17:48:27.350603266Z",
    "ID": "5a2a581f-188f-f082-de61-7cd2deafeafd",
    "Info": "",
    "Operation": "OperationTypeApply",
    "Path": "",
    "Version": "1.13.4",
    "Who": "naeemgtng@spark-45ca"
}
state_read: {}
lock: {
    "Created": "2025-12-12T17:50:01.949694486Z",
    "ID": "ab1e4823-631c-8b5e-aa31-de0ba2aca386",
    "Info": "",
    "Operation": "OperationTypeApply",
    "Path": "",
    "Version": "1.13.4",
    "Who": "naeemgtng@spark-45ca"
}
state_read: {}
state_write: {
    "check_results": null,
    "lineage": "28b52bf2-ef50-23a5-7e60-b38c3de4db35",
    "outputs": {},
    "resources": [],
    "serial": 5,
    "terraform_version": "1.13.4",
    "version": 4
}
unlock: {
    "Created": "2025-12-12T17:50:01.949694486Z",
    "ID": "ab1e4823-631c-8b5e-aa31-de0ba2aca386",
    "Info": "",
    "Operation": "OperationTypeApply",
    "Path": "",
    "Version": "1.13.4",
    "Who": "naeemgtng@spark-45ca"
}
